[debug] [2020-10-05T03:23:28.687Z] ----------------------------------------------------------------------
[debug] [2020-10-05T03:23:28.691Z] Command:       C:\Program Files\nodejs\node.exe C:\Users\hasib sheikh\AppData\Roaming\npm\node_modules\firebase-tools\lib\bin\firebase.js init functions
[debug] [2020-10-05T03:23:28.691Z] CLI Version:   8.11.2
[debug] [2020-10-05T03:23:28.691Z] Platform:      win32
[debug] [2020-10-05T03:23:28.692Z] Node Version:  v12.18.3
[debug] [2020-10-05T03:23:28.693Z] Time:          Mon Oct 05 2020 09:23:28 GMT+0600 (Bangladesh Standard Time)
[debug] [2020-10-05T03:23:28.694Z] ----------------------------------------------------------------------
[debug] [2020-10-05T03:23:28.694Z] 
[debug] [2020-10-05T03:23:28.706Z] > command requires scopes: ["email","openid","https://www.googleapis.com/auth/cloudplatformprojects.readonly","https://www.googleapis.com/auth/firebase","https://www.googleapis.com/auth/cloud-platform"]
[debug] [2020-10-05T03:23:28.707Z] > authorizing via signed-in user
[info] 
     ######## #### ########  ######## ########     ###     ######  ########
     ##        ##  ##     ## ##       ##     ##  ##   ##  ##       ##
     ######    ##  ########  ######   ########  #########  ######  ######
     ##        ##  ##    ##  ##       ##     ## ##     ##       ## ##
     ##       #### ##     ## ######## ########  ##     ##  ######  ########

You're about to initialize a Firebase project in this directory:

  H:\Complete Web Development Course practice\50.ema jhon server site\server

[info] 
=== Project Setup
[info] 
[info] First, let's associate this project directory with a Firebase project.
[info] You can create multiple project aliases by running firebase use --add, 
[info] but for now we'll just set up a default project.
[info] 
